# JRE version: OpenJDK Runtime Environment Temurin-21.0.5+11 (21.0.5+11) (build 21.0.5+11-LTS)
# Java VM: OpenJDK 64-Bit Server VM Temurin-21.0.5+11 (21.0.5+11-LTS, mixed mode, sharing, tiered, compressed oops, compressed class ptrs, g1 gc, windows-amd64)
GC Precious Log:
 CardTable entry size: 512
 Card Set container configuration: InlinePtr #cards 4 size 8 Array Of Cards #cards 32 size 80 Howl #buckets 8 coarsen threshold 7372 Howl Bitmap #cards 1024 size 144 coarsen threshold 921 Card regions per heap region 1 cards per card region 8192
 CPUs: 8 total, 8 available
 Memory: 16138M
 Large Page Support: Disabled
 NUMA Support: Disabled
 Compressed Oops: Enabled (Zero based)
 Heap Region Size: 4M
 Heap Min Capacity: 812M
 Heap Initial Capacity: 812M
 Heap Max Capacity: 6G
 Pre-touch: Disabled
 Parallel Workers: 4
 Concurrent Workers: 1
 Concurrent Refinement Workers: 4
 Periodic GC: Disabled
 String Deduplication is enabled
Heap:
 garbage-first heap   total 831488K, used 71856K [0x0000000680000000, 0x0000000800000000)
  region size 4096K, 2 young (8192K), 0 survivors (0K)
 Metaspace       used 59022K, committed 59456K, reserved 1114112K
  class space    used 7670K, committed 7872K, reserved 1048576K
GC Heap History (20 events):
Event: 6.191 GC heap before
{Heap before GC invocations=0 (full 0):
 garbage-first heap   total 831488K, used 81920K [0x0000000680000000, 0x0000000800000000)
  region size 4096K, 20 young (81920K), 0 survivors (0K)
 Metaspace       used 17291K, committed 17472K, reserved 1114112K
  class space    used 1608K, committed 1664K, reserved 1048576K
}
Event: 6.205 GC heap after
{Heap after GC invocations=1 (full 0):
 garbage-first heap   total 831488K, used 17792K [0x0000000680000000, 0x0000000800000000)
  region size 4096K, 3 young (12288K), 3 survivors (12288K)
 Metaspace       used 17291K, committed 17472K, reserved 1114112K
  class space    used 1608K, committed 1664K, reserved 1048576K
}
Event: 6.574 GC heap before
{Heap before GC invocations=1 (full 0):
 garbage-first heap   total 831488K, used 87424K [0x0000000680000000, 0x0000000800000000)
  region size 4096K, 20 young (81920K), 3 survivors (12288K)
 Metaspace       used 20426K, committed 20672K, reserved 1114112K
  class space    used 2064K, committed 2176K, reserved 1048576K
}
Event: 6.584 GC heap after
{Heap after GC invocations=2 (full 0):
 garbage-first heap   total 831488K, used 27670K [0x0000000680000000, 0x0000000800000000)
  region size 4096K, 1 young (4096K), 1 survivors (4096K)
 Metaspace       used 20426K, committed 20672K, reserved 1114112K
  class space    used 2064K, committed 2176K, reserved 1048576K
}
Event: 6.786 GC heap before
{Heap before GC invocations=2 (full 0):
 garbage-first heap   total 831488K, used 31766K [0x0000000680000000, 0x0000000800000000)
  region size 4096K, 3 young (12288K), 1 survivors (4096K)
 Metaspace       used 21272K, committed 21504K, reserved 1114112K
  class space    used 2169K, committed 2304K, reserved 1048576K
}
Event: 6.788 GC heap after
{Heap after GC invocations=3 (full 0):
 garbage-first heap   total 831488K, used 24439K [0x0000000680000000, 0x0000000800000000)
  region size 4096K, 2 young (8192K), 2 survivors (8192K)
 Metaspace       used 21272K, committed 21504K, reserved 1114112K
  class space    used 2169K, committed 2304K, reserved 1048576K
}
Event: 9.375 GC heap before
{Heap before GC invocations=4 (full 0):
 garbage-first heap   total 831488K, used 126839K [0x0000000680000000, 0x0000000800000000)
  region size 4096K, 17 young (69632K), 2 survivors (8192K)
 Metaspace       used 35682K, committed 35968K, reserved 1114112K
  class space    used 3954K, committed 4096K, reserved 1048576K
}
Event: 9.384 GC heap after
{Heap after GC invocations=5 (full 0):
 garbage-first heap   total 831488K, used 44912K [0x0000000680000000, 0x0000000800000000)
  region size 4096K, 3 young (12288K), 3 survivors (12288K)
 Metaspace       used 35682K, committed 35968K, reserved 1114112K
  class space    used 3954K, committed 4096K, reserved 1048576K
}
Event: 9.424 GC heap before
{Heap before GC invocations=5 (full 0):
 garbage-first heap   total 831488K, used 44912K [0x0000000680000000, 0x0000000800000000)
  region size 4096K, 4 young (16384K), 3 survivors (12288K)
 Metaspace       used 36036K, committed 36288K, reserved 1114112K
  class space    used 4029K, committed 4160K, reserved 1048576K
}
Event: 9.435 GC heap after
{Heap after GC invocations=6 (full 0):
 garbage-first heap   total 831488K, used 45183K [0x0000000680000000, 0x0000000800000000)
  region size 4096K, 1 young (4096K), 1 survivors (4096K)
 Metaspace       used 36036K, committed 36288K, reserved 1114112K
  class space    used 4029K, committed 4160K, reserved 1048576K
}
Event: 9.486 GC heap before
{Heap before GC invocations=6 (full 0):
 garbage-first heap   total 831488K, used 45183K [0x0000000680000000, 0x0000000800000000)
  region size 4096K, 2 young (8192K), 1 survivors (4096K)
 Metaspace       used 36396K, committed 36608K, reserved 1114112K
  class space    used 4114K, committed 4224K, reserved 1048576K
}
Event: 9.488 GC heap after
{Heap after GC invocations=7 (full 0):
 garbage-first heap   total 831488K, used 43977K [0x0000000680000000, 0x0000000800000000)
  region size 4096K, 1 young (4096K), 1 survivors (4096K)
 Metaspace       used 36396K, committed 36608K, reserved 1114112K
  class space    used 4114K, committed 4224K, reserved 1048576K
}
Event: 14.781 GC heap before
{Heap before GC invocations=8 (full 0):
 garbage-first heap   total 831488K, used 121801K [0x0000000680000000, 0x0000000800000000)
  region size 4096K, 20 young (81920K), 1 survivors (4096K)
 Metaspace       used 46144K, committed 46464K, reserved 1114112K
  class space    used 5650K, committed 5824K, reserved 1048576K
}
Event: 14.790 GC heap after
{Heap after GC invocations=9 (full 0):
 garbage-first heap   total 831488K, used 54479K [0x0000000680000000, 0x0000000800000000)
  region size 4096K, 3 young (12288K), 3 survivors (12288K)
 Metaspace       used 46144K, committed 46464K, reserved 1114112K
  class space    used 5650K, committed 5824K, reserved 1048576K
}
Event: 17.853 GC heap before
{Heap before GC invocations=9 (full 0):
 garbage-first heap   total 831488K, used 120015K [0x0000000680000000, 0x0000000800000000)
  region size 4096K, 20 young (81920K), 3 survivors (12288K)
 Metaspace       used 51416K, committed 51776K, reserved 1114112K
  class space    used 6573K, committed 6784K, reserved 1048576K
}
Event: 17.878 GC heap after
{Heap after GC invocations=10 (full 0):
 garbage-first heap   total 831488K, used 57323K [0x0000000680000000, 0x0000000800000000)
  region size 4096K, 3 young (12288K), 3 survivors (12288K)
 Metaspace       used 51416K, committed 51776K, reserved 1114112K
  class space    used 6573K, committed 6784K, reserved 1048576K
}
Event: 22.816 GC heap before
{Heap before GC invocations=10 (full 0):
 garbage-first heap   total 831488K, used 131051K [0x0000000680000000, 0x0000000800000000)
  region size 4096K, 20 young (81920K), 3 survivors (12288K)
 Metaspace       used 58413K, committed 58816K, reserved 1114112K
  class space    used 7612K, committed 7808K, reserved 1048576K
}
Event: 22.834 GC heap after
{Heap after GC invocations=11 (full 0):
 garbage-first heap   total 831488K, used 75000K [0x0000000680000000, 0x0000000800000000)
  region size 4096K, 3 young (12288K), 3 survivors (12288K)
 Metaspace       used 58413K, committed 58816K, reserved 1114112K
  class space    used 7612K, committed 7808K, reserved 1048576K
}
Event: 24.577 GC heap before
{Heap before GC invocations=11 (full 0):
 garbage-first heap   total 831488K, used 75000K [0x0000000680000000, 0x0000000800000000)
  region size 4096K, 4 young (16384K), 3 survivors (12288K)
 Metaspace       used 58910K, committed 59392K, reserved 1114112K
  class space    used 7669K, committed 7872K, reserved 1048576K
}
Event: 24.638 GC heap after
{Heap after GC invocations=12 (full 1):
 garbage-first heap   total 831488K, used 67760K [0x0000000680000000, 0x0000000800000000)
  region size 4096K, 0 young (0K), 0 survivors (0K)
 Metaspace       used 58910K, committed 59392K, reserved 1114112K
  class space    used 7669K, committed 7872K, reserved 1048576K
}

